[19:03:29] [Server thread/INFO]: Starting minecraft server version 1.9.4
[19:03:29] [Server thread/INFO]: Loading properties
[19:03:29] [Server thread/INFO]: Default game type: CREATIVE
[19:03:29] [Server thread/INFO]: This server is running CraftBukkit version git-Spigot-798f32d-0cd0397 (MC: 1.9.4) (Implementing API version 1.9.4-R0.1-SNAPSHOT)
[19:03:30] [Server thread/INFO]: Debug logging is disabled
[19:03:30] [Server thread/INFO]: Using 4 threads for Netty based IO
[19:03:30] [Server thread/INFO]: Server Ping Player Sample Count: 12
[19:03:30] [Server thread/INFO]: Generating keypair
[19:03:30] [Server thread/INFO]: Starting Minecraft server on *:25565
[19:03:30] [Server thread/INFO]: Using default channel type
[19:03:31] [Server thread/INFO]: Set PluginClassLoader as parallel capable
[19:03:31] [Server thread/INFO]: [SetSpawn] Loading SetSpawn v2.1
[19:03:31] [Server thread/INFO]: [RaspberryJuice] Loading RaspberryJuice v1.7
[19:03:31] [Server thread/WARN]: **** SERVER IS RUNNING IN OFFLINE/INSECURE MODE!
[19:03:31] [Server thread/WARN]: The server will make no attempt to authenticate usernames. Beware.
[19:03:31] [Server thread/WARN]: While this makes the game possible to play without internet access, it also opens up the ability for hackers to connect with any username they choose.
[19:03:31] [Server thread/WARN]: To change this, set "online-mode" to "true" in the server.properties file.
[19:03:31] [Server thread/INFO]: **** Beginning UUID conversion, this may take A LONG time ****
[19:03:31] [Server thread/INFO]: Preparing level "world"
[19:03:31] [Server thread/INFO]: -------- World Settings For [world] --------
[19:03:31] [Server thread/INFO]: Item Despawn Rate: 6000
[19:03:31] [Server thread/INFO]: Item Merge Radius: 2.5
[19:03:31] [Server thread/INFO]: Allow Zombie Pigmen to spawn from portal blocks: true
[19:03:31] [Server thread/INFO]: Arrow Despawn Rate: 1200
[19:03:31] [Server thread/INFO]: View Distance: 10
[19:03:31] [Server thread/INFO]: Zombie Aggressive Towards Villager: true
[19:03:31] [Server thread/INFO]: Experience Merge Radius: 3.0
[19:03:31] [Server thread/INFO]: Hopper Transfer: 8 Hopper Check: 8 Hopper Amount: 1
[19:03:31] [Server thread/INFO]: Structure Info Saving: true
[19:03:31] [Server thread/INFO]: Mob Spawn Range: 4
[19:03:31] [Server thread/INFO]: Max TNT Explosions: 100
[19:03:31] [Server thread/INFO]: Cactus Growth Modifier: 100%
[19:03:31] [Server thread/INFO]: Cane Growth Modifier: 100%
[19:03:31] [Server thread/INFO]: Melon Growth Modifier: 100%
[19:03:31] [Server thread/INFO]: Mushroom Growth Modifier: 100%
[19:03:31] [Server thread/INFO]: Pumpkin Growth Modifier: 100%
[19:03:31] [Server thread/INFO]: Sapling Growth Modifier: 100%
[19:03:31] [Server thread/INFO]: Wheat Growth Modifier: 100%
[19:03:31] [Server thread/INFO]: NetherWart Growth Modifier: 100%
[19:03:31] [Server thread/INFO]: Random Lighting Updates: false
[19:03:31] [Server thread/INFO]: Tile Max Tick Time: 50ms Entity max Tick Time: 50ms
[19:03:31] [Server thread/INFO]: Entity Tracking Range: Pl 48 / An 48 / Mo 48 / Mi 32 / Other 64
[19:03:31] [Server thread/INFO]: Nerfing mobs spawned from spawners: false
[19:03:31] [Server thread/INFO]: Entity Activation Range: An 32 / Mo 32 / Mi 16
[19:03:31] [Server thread/INFO]: Custom Map Seeds:  Village: 10387312 Feature: 14357617
[19:03:31] [Server thread/INFO]: Max Entity Collisions: 8
[19:03:31] [Server thread/INFO]: -------- World Settings For [world_nether] --------
[19:03:31] [Server thread/INFO]: Item Despawn Rate: 6000
[19:03:31] [Server thread/INFO]: Item Merge Radius: 2.5
[19:03:31] [Server thread/INFO]: Allow Zombie Pigmen to spawn from portal blocks: true
[19:03:31] [Server thread/INFO]: Arrow Despawn Rate: 1200
[19:03:31] [Server thread/INFO]: View Distance: 10
[19:03:31] [Server thread/INFO]: Zombie Aggressive Towards Villager: true
[19:03:31] [Server thread/INFO]: Experience Merge Radius: 3.0
[19:03:31] [Server thread/INFO]: Hopper Transfer: 8 Hopper Check: 8 Hopper Amount: 1
[19:03:31] [Server thread/INFO]: Structure Info Saving: true
[19:03:31] [Server thread/INFO]: Mob Spawn Range: 4
[19:03:31] [Server thread/INFO]: Max TNT Explosions: 100
[19:03:31] [Server thread/INFO]: Cactus Growth Modifier: 100%
[19:03:31] [Server thread/INFO]: Cane Growth Modifier: 100%
[19:03:31] [Server thread/INFO]: Melon Growth Modifier: 100%
[19:03:31] [Server thread/INFO]: Mushroom Growth Modifier: 100%
[19:03:31] [Server thread/INFO]: Pumpkin Growth Modifier: 100%
[19:03:31] [Server thread/INFO]: Sapling Growth Modifier: 100%
[19:03:31] [Server thread/INFO]: Wheat Growth Modifier: 100%
[19:03:31] [Server thread/INFO]: NetherWart Growth Modifier: 100%
[19:03:31] [Server thread/INFO]: Random Lighting Updates: false
[19:03:31] [Server thread/INFO]: Tile Max Tick Time: 50ms Entity max Tick Time: 50ms
[19:03:31] [Server thread/INFO]: Entity Tracking Range: Pl 48 / An 48 / Mo 48 / Mi 32 / Other 64
[19:03:31] [Server thread/INFO]: Nerfing mobs spawned from spawners: false
[19:03:31] [Server thread/INFO]: Entity Activation Range: An 32 / Mo 32 / Mi 16
[19:03:31] [Server thread/INFO]: Custom Map Seeds:  Village: 10387312 Feature: 14357617
[19:03:31] [Server thread/INFO]: Max Entity Collisions: 8
[19:03:31] [Server thread/INFO]: -------- World Settings For [world_the_end] --------
[19:03:31] [Server thread/INFO]: Item Despawn Rate: 6000
[19:03:31] [Server thread/INFO]: Item Merge Radius: 2.5
[19:03:31] [Server thread/INFO]: Allow Zombie Pigmen to spawn from portal blocks: true
[19:03:31] [Server thread/INFO]: Arrow Despawn Rate: 1200
[19:03:31] [Server thread/INFO]: View Distance: 10
[19:03:31] [Server thread/INFO]: Zombie Aggressive Towards Villager: true
[19:03:31] [Server thread/INFO]: Experience Merge Radius: 3.0
[19:03:31] [Server thread/INFO]: Hopper Transfer: 8 Hopper Check: 8 Hopper Amount: 1
[19:03:31] [Server thread/INFO]: Structure Info Saving: true
[19:03:31] [Server thread/INFO]: Mob Spawn Range: 4
[19:03:31] [Server thread/INFO]: Max TNT Explosions: 100
[19:03:31] [Server thread/INFO]: Cactus Growth Modifier: 100%
[19:03:31] [Server thread/INFO]: Cane Growth Modifier: 100%
[19:03:31] [Server thread/INFO]: Melon Growth Modifier: 100%
[19:03:31] [Server thread/INFO]: Mushroom Growth Modifier: 100%
[19:03:31] [Server thread/INFO]: Pumpkin Growth Modifier: 100%
[19:03:31] [Server thread/INFO]: Sapling Growth Modifier: 100%
[19:03:31] [Server thread/INFO]: Wheat Growth Modifier: 100%
[19:03:31] [Server thread/INFO]: NetherWart Growth Modifier: 100%
[19:03:31] [Server thread/INFO]: Random Lighting Updates: false
[19:03:31] [Server thread/INFO]: Tile Max Tick Time: 50ms Entity max Tick Time: 50ms
[19:03:31] [Server thread/INFO]: Entity Tracking Range: Pl 48 / An 48 / Mo 48 / Mi 32 / Other 64
[19:03:31] [Server thread/INFO]: Nerfing mobs spawned from spawners: false
[19:03:31] [Server thread/INFO]: Entity Activation Range: An 32 / Mo 32 / Mi 16
[19:03:31] [Server thread/INFO]: Custom Map Seeds:  Village: 10387312 Feature: 14357617
[19:03:31] [Server thread/INFO]: Max Entity Collisions: 8
[19:03:31] [Server thread/INFO]: Preparing start region for level 0 (Seed: -8857085320253706311)
[19:03:32] [Server thread/INFO]: Preparing spawn area: 15%
[19:03:33] [Server thread/INFO]: Preparing spawn area: 49%
[19:03:34] [Server thread/INFO]: Preparing spawn area: 83%
[19:03:35] [Server thread/INFO]: Preparing start region for level 1 (Seed: -8857085320253706311)
[19:03:36] [Server thread/INFO]: Preparing spawn area: 37%
[19:03:37] [Server thread/INFO]: Preparing spawn area: 71%
[19:03:38] [Server thread/INFO]: Preparing start region for level 2 (Seed: -8857085320253706311)
[19:03:38] [Server thread/INFO]: [SetSpawn] Enabling SetSpawn v2.1
[19:03:38] [Server thread/INFO]: [RaspberryJuice] Enabling RaspberryJuice v1.7
[19:03:38] [Server thread/INFO]: [RaspberryJuice] ThreadListener Started
[19:03:38] [Server thread/INFO]: Server permissions file permissions.yml is empty, ignoring it
[19:03:38] [Server thread/INFO]: Done (7.330s)! For help, type "help" or "?"
[19:04:07] [User Authenticator #1/INFO]: UUID of player Notch is b50ad385-829d-3141-a216-7e7d7539ba7f
[19:04:07] [Server thread/INFO]: Notch[/127.0.0.1:51968] logged in with entity id 283 at ([world]-28.13749998807907, 78.0, 94.65997454835055)
[19:05:35] [Server thread/INFO]: Notch issued server command: /time set day
[19:05:35] [Server thread/INFO]: [Notch: Set the time to 1000]
[19:05:40] [Server thread/INFO]: Notch issued server command: /weather
[19:05:44] [Server thread/INFO]: Notch issued server command: /weather clear
[19:05:44] [Server thread/INFO]: [Notch: Changing to clear weather]
[19:43:39] [Server thread/INFO]: Notch lost connection: Disconnected
[19:43:39] [Server thread/INFO]: Notch left the game.
